********************************************************************************
DUPLICATOR-LITE PACKAGE-LOG: 4 February 2022 12h24
NOTICE: Do NOT post to public sites or forums 
********************************************************************************
VERSION:	1.4.4
WORDPRESS:	5.9
PHP INFO:	8.0.7 | SAPI: apache2handler
SERVER:		Apache/2.4.48 (Win64) OpenSSL/1.1.1k PHP/8.0.7 
PHP TIME LIMIT: (0) no time limit imposed 
PHP MAX MEMORY: 4294967296 (512M default) 
MEMORY STACK: 50MB

********************************************************************************
DATABASE:
********************************************************************************
BUILD MODE:   MYSQLDUMP
MYSQLTIMEOUT: 5000
MYSQLDUMP:    Is Supported
SQL CREATED: lasagaduparrain_3aaacad78a9c00233250_20220204122417_database.sql
SQL FILE SIZE: 1.73MB (1812827)
SQL FILE TIME: 2022-02-04 12:24:31
SQL RUNTIME: 6.10 sec.

********************************************************************************
ARCHIVE (ZIP):
********************************************************************************
ARCHIVE DIR:  C:/xampp/htdocs/wordpress
ARCHIVE FILE: lasagaduparrain_3aaacad78a9c00233250_20220204122417_archive.zip
FILTERS: *OFF*
DIRS:
	not set
FILES:
	not set
EXTS:  not set
----------------------------------------
COMPRESSING
SIZE:	101.21MB
STATS:	Dirs 681 | Files 4,623
SQL ADDED: lasagaduparrain_3aaacad78a9c00233250_20220204122417_database.sql
ZipArchive Object
(
    [lastId] => 5303
    [status] => 0
    [statusSys] => 0
    [numFiles] => 5304
    [filename] => C:\xampp\htdocs\wordpress\wp-content\backups-dup-lite\tmp\lasagaduparrain_3aaacad78a9c00233250_20220204122417_archive.zip
    [comment] => 
)

FILE ADDED TO ZIP: 5303
COMPRESSION RESULT: '1'
COMPRESSED SIZE: 36.89MB
ARCHIVE RUNTIME: 37.94 sec.
MEMORY STACK: 50MB
building installer
add_extra_files1
add_extra_files2
add_extra_files3
add_extra_files4
Doing archive file check
add_extra_files5
add_extra_files6
add_extra_files8
Successfully opened zip C:/xampp/htdocs/wordpress/wp-content/backups-dup-lite/tmp/lasagaduparrain_3aaacad78a9c00233250_20220204122417_archive.zip
Adding enhanced installer files to archive using ZipArchive
Installer files added to archive
Added to archive
After ziparchive close when adding installer

********************************************************************************
INTEGRITY CHECKS:
********************************************************************************
SQL FILE: 1.73MB
INSTALLER FILE: 64.59KB
ARCHIVE FILE: 37.91MB 
COMPTE ATTENDU DE FICHIERS/RÉPERTOIRES : 5,304
COMPTE ACTUEL DE FICHIERS/RÉPERTOIRES : 5,303
TEST DE COHÉRENCE D’ARCHIVE : Bon

********************************************************************************
RECORD ID:[1]
TOTAL PROCESS RUNTIME: 44.77 sec.
PEAK PHP MEMORY USED: 52MB
DONE PROCESSING => lasagaduparrain 4 February 2022 12h25

